{
  "RSpec": {
    "coverage": {
      "/home/pixoatic/chat_app/app/models/group_message.rb": {
        "lines": [
          1,
          1,
          1,
          null
        ]
      },
      "/home/pixoatic/chat_app/app/models/application_record.rb": {
        "lines": [
          1,
          1,
          null
        ]
      },
      "/home/pixoatic/chat_app/app/models/group.rb": {
        "lines": [
          1,
          1,
          1,
          1,
          null
        ]
      },
      "/home/pixoatic/chat_app/app/models/private_message.rb": {
        "lines": [
          1,
          1,
          1,
          1,
          null
        ]
      },
      "/home/pixoatic/chat_app/app/models/user.rb": {
        "lines": [
          1,
          null,
          null,
          1,
          null,
          null,
          1,
          1,
          1,
          1,
          1,
          null
        ]
      },
      "/home/pixoatic/chat_app/app/channels/application_cable/channel.rb": {
        "lines": [
          0,
          0,
          0,
          0
        ],
        "branches": {}
      },
      "/home/pixoatic/chat_app/app/channels/application_cable/connection.rb": {
        "lines": [
          0,
          0,
          0,
          0
        ],
        "branches": {}
      },
      "/home/pixoatic/chat_app/app/channels/chat_channel.rb": {
        "lines": [
          0,
          0,
          0,
          0,
          0,
          0,
          0,
          0,
          null,
          0,
          null,
          0,
          null,
          0,
          0,
          0,
          0,
          0,
          0,
          0,
          0,
          0,
          0,
          0,
          null,
          0,
          null,
          0,
          0,
          0,
          null,
          0,
          0,
          0,
          0,
          0,
          0,
          0,
          0
        ],
        "branches": {}
      },
      "/home/pixoatic/chat_app/app/controllers/application_controller.rb": {
        "lines": [
          0,
          null,
          0,
          0,
          0,
          0,
          null,
          0,
          null,
          0,
          0,
          null,
          0,
          0
        ],
        "branches": {}
      },
      "/home/pixoatic/chat_app/app/controllers/group_messages_controller.rb": {
        "lines": [
          0,
          null,
          0,
          0,
          0,
          null,
          null,
          null,
          null,
          null,
          null,
          null,
          null,
          null,
          null,
          null,
          null,
          null,
          null,
          null,
          0,
          null
        ],
        "branches": {}
      },
      "/home/pixoatic/chat_app/app/controllers/groups_controller.rb": {
        "lines": [
          0,
          null,
          0,
          0,
          0,
          0,
          0,
          0,
          0,
          0,
          0,
          0,
          0,
          0,
          null,
          0,
          0,
          0,
          0,
          0,
          0,
          null,
          0,
          0,
          0,
          0,
          0,
          null,
          0,
          0,
          0,
          0,
          0
        ],
        "branches": {}
      },
      "/home/pixoatic/chat_app/app/controllers/home_controller.rb": {
        "lines": [
          0,
          null,
          0,
          0,
          0,
          0,
          0
        ],
        "branches": {}
      },
      "/home/pixoatic/chat_app/app/controllers/private_messages_controller.rb": {
        "lines": [
          0,
          null,
          0,
          0,
          0,
          0,
          0,
          0,
          0,
          0,
          null,
          null,
          null,
          null,
          null,
          null,
          null,
          null,
          null,
          null,
          null,
          null,
          null,
          null,
          null,
          0
        ],
        "branches": {}
      },
      "/home/pixoatic/chat_app/app/helpers/application_helper.rb": {
        "lines": [
          0,
          0
        ],
        "branches": {}
      },
      "/home/pixoatic/chat_app/app/helpers/group_messages_helper.rb": {
        "lines": [
          0,
          0
        ],
        "branches": {}
      },
      "/home/pixoatic/chat_app/app/helpers/groups_helper.rb": {
        "lines": [
          0,
          0
        ],
        "branches": {}
      },
      "/home/pixoatic/chat_app/app/helpers/home_helper.rb": {
        "lines": [
          0,
          0
        ],
        "branches": {}
      },
      "/home/pixoatic/chat_app/app/helpers/private_messages_helper.rb": {
        "lines": [
          0,
          0
        ],
        "branches": {}
      },
      "/home/pixoatic/chat_app/app/jobs/application_job.rb": {
        "lines": [
          0,
          null,
          null,
          null,
          null,
          null,
          0
        ],
        "branches": {}
      },
      "/home/pixoatic/chat_app/app/mailers/application_mailer.rb": {
        "lines": [
          0,
          0,
          0,
          0
        ],
        "branches": {}
      }
    },
    "timestamp": 1742877398
  }
}
